<?xml version="1.0" encoding="UTF-8"?>
<!-- Generated by org.testng.reporters.JUnitXMLReporter -->
<testsuite ignored="0" hostname="MD-5Q0H9F2" failures="2" tests="8" name="Free CRM App Test Cases" time="16.896" errors="0" timestamp="2021-07-30T12:55:54 IST">
  <testcase classname="Browserr.Testing" name="@BeforeMethod HomePage" time="4.922">
    <failure type="java.lang.NullPointerException" message="Cannot invoke &amp;quot;org.openqa.selenium.WebDriver.manage()&amp;quot; because &amp;quot;this.driver&amp;quot; is null">
      <![CDATA[java.lang.NullPointerException: Cannot invoke "org.openqa.selenium.WebDriver.manage()" because "this.driver" is null
at Browserr.Testing.HomePage(Testing.java:24)
at java.base/java.util.ArrayList.forEach(ArrayList.java:1511)
... Removed 31 stack frames]]>
    </failure>
  </testcase> <!-- @BeforeMethod HomePage -->
  <testcase classname="Browserr.AmazonPractice" name="@BeforeMethod HomePage" time="3.93">
    <failure type="java.lang.NullPointerException" message="Cannot invoke &amp;quot;org.openqa.selenium.chrome.ChromeDriver.manage()&amp;quot; because &amp;quot;this.driver&amp;quot; is null">
      <![CDATA[java.lang.NullPointerException: Cannot invoke "org.openqa.selenium.chrome.ChromeDriver.manage()" because "this.driver" is null
at Browserr.AmazonPractice.HomePage(AmazonPractice.java:30)
at java.base/java.util.ArrayList.forEach(ArrayList.java:1511)
... Removed 31 stack frames]]>
    </failure>
  </testcase> <!-- @BeforeMethod HomePage -->
  <testcase classname="Browserr.AmazonPractice" name="@AfterMethod tearDown" time="-1.62762995474E9">
    <skipped/>
  </testcase> <!-- @AfterMethod tearDown -->
  <testcase classname="Browserr.AmazonPractice" name="@BeforeMethod HomePage" time="-1.627629954742E9">
    <skipped/>
  </testcase> <!-- @BeforeMethod HomePage -->
  <testcase classname="Browserr.AmazonPractice" name="@AfterMethod tearDown" time="-1.627629954744E9">
    <skipped/>
  </testcase> <!-- @AfterMethod tearDown -->
  <testcase classname="Browserr.AmazonPractice" name="@BeforeMethod HomePage" time="-1.627629954745E9">
    <skipped/>
  </testcase> <!-- @BeforeMethod HomePage -->
  <testcase classname="Browserr.AmazonPractice" name="@AfterMethod tearDown" time="-1.627629954751E9">
    <skipped/>
  </testcase> <!-- @AfterMethod tearDown -->
  <testcase classname="Browserr.AmazonPractice" name="@BeforeMethod HomePage" time="-1.627629954752E9">
    <skipped/>
  </testcase> <!-- @BeforeMethod HomePage -->
  <testcase classname="Browserr.AmazonPractice" name="@AfterMethod tearDown" time="-1.627629954756E9">
    <skipped/>
  </testcase> <!-- @AfterMethod tearDown -->
  <testcase classname="Browserr.AmazonPractice" name="@BeforeMethod HomePage" time="-1.627629954758E9">
    <skipped/>
  </testcase> <!-- @BeforeMethod HomePage -->
  <testcase classname="Browserr.AmazonPractice" name="@AfterMethod tearDown" time="-1.627629954762E9">
    <skipped/>
  </testcase> <!-- @AfterMethod tearDown -->
  <testcase classname="Browserr.Testing" name="size" time="0.0">
    <skipped/>
  </testcase> <!-- size -->
  <testcase classname="Browserr.ScreenshotFirstTest" name="signup" time="4.005">
    <failure type="java.lang.NullPointerException" message="Cannot invoke &amp;quot;org.openqa.selenium.WebDriver.manage()&amp;quot; because &amp;quot;this.driver&amp;quot; is null">
      <![CDATA[java.lang.NullPointerException: Cannot invoke "org.openqa.selenium.WebDriver.manage()" because "this.driver" is null
at Browserr.ScreenshotFirstTest.signup(ScreenshotFirstTest.java:39)
at java.base/java.util.ArrayList.forEach(ArrayList.java:1511)
... Removed 27 stack frames]]>
    </failure>
  </testcase> <!-- signup -->
  <testcase classname="Browserr.ScreenshotPractice" name="screenshot" time="3.947">
    <failure type="java.lang.NullPointerException" message="Cannot invoke &amp;quot;org.openqa.selenium.WebDriver.manage()&amp;quot; because &amp;quot;this.driver&amp;quot; is null">
      <![CDATA[java.lang.NullPointerException: Cannot invoke "org.openqa.selenium.WebDriver.manage()" because "this.driver" is null
at Browserr.ScreenshotPractice.screenshot(ScreenshotPractice.java:29)
at java.base/java.util.ArrayList.forEach(ArrayList.java:1511)
... Removed 27 stack frames]]>
    </failure>
  </testcase> <!-- screenshot -->
  <testcase classname="Browserr.AmazonPractice" name="size" time="0.0">
    <skipped/>
  </testcase> <!-- size -->
  <testcase classname="Browserr.AmazonPractice" name="qntt" time="0.0">
    <skipped/>
  </testcase> <!-- qntt -->
  <testcase classname="Browserr.AmazonPractice" name="hoverImage" time="0.0">
    <skipped/>
  </testcase> <!-- hoverImage -->
  <testcase classname="Browserr.AmazonPractice" name="addToList" time="0.0">
    <skipped/>
  </testcase> <!-- addToList -->
  <testcase classname="Browserr.AmazonPractice" name="forgetPassword" time="0.0">
    <skipped/>
  </testcase> <!-- forgetPassword -->
</testsuite> <!-- Free CRM App Test Cases -->
